<?xml version="1.0" encoding="UTF-8"?>
<testsuite name="RomanNumbersTest" tests="1" skipped="0" failures="0" errors="0" timestamp="2020-02-21T11:55:40" hostname="478-mac-14" time="0.002">
  <properties/>
  <testcase name="testPredefinedResult300s" classname="RomanNumbersTest" time="0.002"/>
  <system-out><![CDATA[]]></system-out>
  <system-err><![CDATA[]]></system-err>
</testsuite>
